  Compiling CUDA source file kernel.cu...
  
  C:\Users\s149985\Documents\CUDAbitmap\CUDAbitmap>"C:\Program Files\NVIDIA GPU Computing Toolkit\CUDA\v9.0\bin\nvcc.exe" -gencode=arch=compute_30,code=\"sm_30,compute_30\" --use-local-env --cl-version 2015 -ccbin "C:\Program Files (x86)\Microsoft Visual Studio 14.0\VC\bin\x86_amd64" -x cu  -I"C:\Program Files\NVIDIA GPU Computing Toolkit\CUDA\v9.0\include" -I"C:\Program Files\NVIDIA GPU Computing Toolkit\CUDA\v9.0\include"  -G   --keep-dir x64\Debug -maxrregcount=0  --machine 64 --compile -cudart static  -g   -DWIN32 -DWIN64 -D_DEBUG -D_CONSOLE -D_MBCS -Xcompiler "/EHsc /W3 /nologo /Od /FS /Zi /RTC1 /MDd " -o x64\Debug\kernel.cu.obj "C:\Users\s149985\Documents\CUDAbitmap\CUDAbitmap\kernel.cu" 
C:/Users/s149985/Documents/CUDAbitmap/CUDAbitmap/kernel.cu(87): warning : conversion from a string literal to "char *" is deprecated
C:/Users/s149985/Documents/CUDAbitmap/CUDAbitmap/kernel.cu(353): warning : parameter "normalize" was set but never used
C:/Users/s149985/Documents/CUDAbitmap/CUDAbitmap/kernel.cu(87): warning : conversion from a string literal to "char *" is deprecated
C:/Users/s149985/Documents/CUDAbitmap/CUDAbitmap/kernel.cu(353): warning : parameter "normalize" was set but never used
  kernel.cu
C:/Users/s149985/Documents/CUDAbitmap/CUDAbitmap/kernel.cu(134): warning C4244: '=': conversion from 'double' to 'float', possible loss of data
C:/Users/s149985/Documents/CUDAbitmap/CUDAbitmap/kernel.cu(152): warning C4305: 'argument': truncation from 'double' to 'GLfloat'
C:/Users/s149985/Documents/CUDAbitmap/CUDAbitmap/kernel.cu(156): warning C4305: 'argument': truncation from 'double' to 'GLfloat'
C:/Users/s149985/Documents/CUDAbitmap/CUDAbitmap/kernel.cu(165): warning C4305: 'argument': truncation from 'double' to 'GLfloat'
C:/Users/s149985/Documents/CUDAbitmap/CUDAbitmap/kernel.cu(172): warning C4305: 'argument': truncation from 'double' to 'GLfloat'
C:/Users/s149985/Documents/CUDAbitmap/CUDAbitmap/kernel.cu(278): warning C4018: '<': signed/unsigned mismatch
C:/Users/s149985/Documents/CUDAbitmap/CUDAbitmap/kernel.cu(324): warning C4018: '<': signed/unsigned mismatch
  CUDAbitmap.vcxproj -> C:\Users\s149985\Documents\CUDAbitmap\x64\Debug\CUDAbitmap.exe
  CUDAbitmap.vcxproj -> C:\Users\s149985\Documents\CUDAbitmap\x64\Debug\CUDAbitmap.pdb (Full PDB)
  copy "C:\Program Files\NVIDIA GPU Computing Toolkit\CUDA\v9.0\bin\cudart*.dll" "C:\Users\s149985\Documents\CUDAbitmap\x64\Debug\"
  C:\Program Files\NVIDIA GPU Computing Toolkit\CUDA\v9.0\bin\cudart32_90.dll
  C:\Program Files\NVIDIA GPU Computing Toolkit\CUDA\v9.0\bin\cudart64_90.dll
          2 file(s) copied.
